Using pre-set license
Built from '2020.3/staging' branch; Version is '2020.3.17f1 (a4537701e4ab) revision 10769271'; Using compiler version '192528614'; Build Type 'Release'
OS: 'Windows 10 Home; OS build 19042.1415; Version 2009; 64bit' Language: 'en' Physical Memory: 16311 MB
BatchMode: 1, IsHumanControllingUs: 0, StartBugReporterOnCrash: 0, Is64bit: 1, IsPro: 0

COMMAND LINE ARGUMENTS:
C:\Program Files\Unity\Hub\Editor\2020.3.17f1\Editor\Unity.exe
-adb2
-batchMode
-noUpm
-name
AssetImportWorker0
-projectPath
D:/Unity Projects/Github/Prototypes/RGP_Prototype2_Salvage/Salvage the World
-logFile
Logs/AssetImportWorker0.log
-srvPort
54073
Successfully changed project path to: D:/Unity Projects/Github/Prototypes/RGP_Prototype2_Salvage/Salvage the World
D:/Unity Projects/Github/Prototypes/RGP_Prototype2_Salvage/Salvage the World
Using Asset Import Pipeline V2.
Refreshing native plugins compatible for Editor in 38.38 ms, found 3 plugins.
Preloading 0 native plugins for Editor in 0.00 ms.
Initialize engine version: 2020.3.17f1 (a4537701e4ab)
[Subsystems] Discovering subsystems at path C:/Program Files/Unity/Hub/Editor/2020.3.17f1/Editor/Data/Resources/UnitySubsystems
[Subsystems] Discovering subsystems at path D:/Unity Projects/Github/Prototypes/RGP_Prototype2_Salvage/Salvage the World/Assets
GfxDevice: creating device client; threaded=0
Direct3D:
    Version:  Direct3D 11.0 [level 11.1]
    Renderer: AMD Radeon RX 5700 XT (ID=0x731f)
    Vendor:   
    VRAM:     8151 MB
    Driver:   30.0.13025.5005
Initialize mono
Mono path[0] = 'C:/Program Files/Unity/Hub/Editor/2020.3.17f1/Editor/Data/Managed'
Mono path[1] = 'C:/Program Files/Unity/Hub/Editor/2020.3.17f1/Editor/Data/MonoBleedingEdge/lib/mono/unityjit'
Mono config path = 'C:/Program Files/Unity/Hub/Editor/2020.3.17f1/Editor/Data/MonoBleedingEdge/etc'
Using monoOptions --debugger-agent=transport=dt_socket,embedding=1,server=y,suspend=n,address=127.0.0.1:56380
Begin MonoManager ReloadAssembly
Registering precompiled unity dll's ...
Register platform support module: C:/Program Files/Unity/Hub/Editor/2020.3.17f1/Editor/Data/PlaybackEngines/WebGLSupport/UnityEditor.WebGL.Extensions.dll
Register platform support module: C:/Program Files/Unity/Hub/Editor/2020.3.17f1/Editor/Data/PlaybackEngines/WindowsStandaloneSupport/UnityEditor.WindowsStandalone.Extensions.dll
Registered in 0.002140 seconds.
Native extension for WindowsStandalone target not found
Native extension for WebGL target not found
Refreshing native plugins compatible for Editor in 38.12 ms, found 3 plugins.
Preloading 0 native plugins for Editor in 0.00 ms.
Mono: successfully reloaded assembly
- Completed reload, in  1.721 seconds
Domain Reload Profiling:
	ReloadAssembly (1721ms)
		BeginReloadAssembly (45ms)
			ExecutionOrderSort (0ms)
			DisableScriptedObjects (0ms)
			BackupInstance (0ms)
			ReleaseScriptingObjects (0ms)
			CreateAndSetChildDomain (1ms)
		EndReloadAssembly (350ms)
			LoadAssemblies (43ms)
			RebuildTransferFunctionScriptingTraits (0ms)
			SetupTypeCache (123ms)
			ReleaseScriptCaches (0ms)
			RebuildScriptCaches (26ms)
			SetupLoadedEditorAssemblies (141ms)
				LogAssemblyErrors (0ms)
				InitializePlatformSupportModulesInManaged (4ms)
				SetLoadedEditorAssemblies (0ms)
				RefreshPlugins (38ms)
				BeforeProcessingInitializeOnLoad (14ms)
				ProcessInitializeOnLoadAttributes (62ms)
				ProcessInitializeOnLoadMethodAttributes (22ms)
				AfterProcessingInitializeOnLoad (0ms)
				EditorAssembliesLoaded (0ms)
			ExecutionOrderSort2 (0ms)
			AwakeInstancesAfterBackupRestoration (0ms)
Platform modules already initialized, skipping
Registering precompiled user dll's ...
Registered in 0.003703 seconds.
Begin MonoManager ReloadAssembly
Native extension for WindowsStandalone target not found
Native extension for WebGL target not found
Refreshing native plugins compatible for Editor in 37.39 ms, found 3 plugins.
Preloading 0 native plugins for Editor in 0.00 ms.
Mono: successfully reloaded assembly
- Completed reload, in  1.050 seconds
Domain Reload Profiling:
	ReloadAssembly (1051ms)
		BeginReloadAssembly (126ms)
			ExecutionOrderSort (0ms)
			DisableScriptedObjects (4ms)
			BackupInstance (0ms)
			ReleaseScriptingObjects (0ms)
			CreateAndSetChildDomain (18ms)
		EndReloadAssembly (868ms)
			LoadAssemblies (82ms)
			RebuildTransferFunctionScriptingTraits (0ms)
			SetupTypeCache (259ms)
			ReleaseScriptCaches (1ms)
			RebuildScriptCaches (46ms)
			SetupLoadedEditorAssemblies (378ms)
				LogAssemblyErrors (0ms)
				InitializePlatformSupportModulesInManaged (4ms)
				SetLoadedEditorAssemblies (0ms)
				RefreshPlugins (37ms)
				BeforeProcessingInitializeOnLoad (70ms)
				ProcessInitializeOnLoadAttributes (249ms)
				ProcessInitializeOnLoadMethodAttributes (12ms)
				AfterProcessingInitializeOnLoad (6ms)
				EditorAssembliesLoaded (0ms)
			ExecutionOrderSort2 (0ms)
			AwakeInstancesAfterBackupRestoration (5ms)
Platform modules already initialized, skipping
========================================================================
Worker process is ready to serve import requests
Launched and connected shader compiler UnityShaderCompiler.exe after 0.06 seconds
Refreshing native plugins compatible for Editor in 0.54 ms, found 3 plugins.
Preloading 0 native plugins for Editor in 0.00 ms.
Unloading 2256 Unused Serialized files (Serialized files now loaded: 0)
System memory in use before: 99.2 MB.
System memory in use after: 99.3 MB.

Unloading 29 unused Assets to reduce memory usage. Loaded Objects now: 2695.
Total: 3.195600 ms (FindLiveObjects: 0.235800 ms CreateObjectMapping: 0.060000 ms MarkObjects: 2.826900 ms  DeleteObjects: 0.071900 ms)

AssetImportParameters requested are different than current active one (requested -> active):
  custom:framework-win-MediaFoundation: 216162199b28c13a410421893ffa2e32 -> 
  custom:video-decoder-ogg-theora: a1e56fd34408186e4bbccfd4996cb3dc -> 
  custom:container-muxer-webm: aa71ff27fc2769a1b78a27578f13a17b -> 
  custom:container-demuxer-webm: 4f35f7cbe854078d1ac9338744f61a02 -> 
  custom:container-demuxer-ogg: 62fdf1f143b41e24485cea50d1cbac27 -> 
  custom:video-encoder-webm-vp8: eb34c28f22e8b96e1ab97ce403110664 -> 
  custom:video-codec-MediaFoundation-h265: e54d7ab0439102e2317fc1e4b246158d -> 
  custom:video-decoder-webm-vp8: 9c59270c3fd7afecdb556c50c9e8de78 -> 
  custom:audio-decoder-ogg-vorbis: bf7c407c2cedff20999df2af8eb42d56 -> 
  custom:audio-encoder-webm-vorbis: bf7c407c2cedff20999df2af8eb42d56 -> 
========================================================================
Received Import Request.
  path: Assets/Sprites/UI-Icon_PScrap.png
  artifactKey: Guid(ef35f1f609307e5469e9bbd2dea827f7) Importer(815301076,1909f56bfc062723c751e8b465ee728b)
Start importing Assets/Sprites/UI-Icon_PScrap.png using Guid(ef35f1f609307e5469e9bbd2dea827f7) Importer(815301076,1909f56bfc062723c751e8b465ee728b)  -> (artifact id: '1ad471046077377cdce04eec46839331') in 0.248283 seconds 
  Import took 0.251958 seconds .

========================================================================
Received Import Request.
  Time since last request: 0.000213 seconds.
  path: Assets/Sprites/UI-Icon_DPlastic.png
  artifactKey: Guid(083da83212df4014eb810cbce750de7b) Importer(815301076,1909f56bfc062723c751e8b465ee728b)
Start importing Assets/Sprites/UI-Icon_DPlastic.png using Guid(083da83212df4014eb810cbce750de7b) Importer(815301076,1909f56bfc062723c751e8b465ee728b)  -> (artifact id: 'cc287bab4b64a94c38bb62608bd81f07') in 0.011092 seconds 
  Import took 0.014987 seconds .

========================================================================
Received Import Request.
  Time since last request: 0.000189 seconds.
  path: Assets/Sprites/UI-Icon_PWood.png
  artifactKey: Guid(94ed6c48de90a184f803738ae9aab509) Importer(815301076,1909f56bfc062723c751e8b465ee728b)
Start importing Assets/Sprites/UI-Icon_PWood.png using Guid(94ed6c48de90a184f803738ae9aab509) Importer(815301076,1909f56bfc062723c751e8b465ee728b)  -> (artifact id: 'ded1631e23b29b54b6de5797ca3bf785') in 0.009909 seconds 
  Import took 0.114223 seconds .

========================================================================
Received Import Request.
  Time since last request: 0.000240 seconds.
  path: Assets/Sprites/UI-Icon_DScrap.png
  artifactKey: Guid(086efe53f0f6fa8498b963112b6cdce8) Importer(815301076,1909f56bfc062723c751e8b465ee728b)
Start importing Assets/Sprites/UI-Icon_DScrap.png using Guid(086efe53f0f6fa8498b963112b6cdce8) Importer(815301076,1909f56bfc062723c751e8b465ee728b)  -> (artifact id: 'b721f8d4c52bd3935f3b97f8c9463a08') in 0.010035 seconds 
  Import took 0.013630 seconds .

========================================================================
Received Import Request.
  Time since last request: 0.000231 seconds.
  path: Assets/Sprites/UI-Icon_DWood.png
  artifactKey: Guid(ea2d76b1c5c394140b1191a691f2e620) Importer(815301076,1909f56bfc062723c751e8b465ee728b)
Start importing Assets/Sprites/UI-Icon_DWood.png using Guid(ea2d76b1c5c394140b1191a691f2e620) Importer(815301076,1909f56bfc062723c751e8b465ee728b)  -> (artifact id: '70e551acb2e94a73a7c2180b3acb7df0') in 0.009638 seconds 
  Import took 0.013334 seconds .

========================================================================
Received Import Request.
  Time since last request: 0.000186 seconds.
  path: Assets/Sprites/UI-Icon_CWood.png
  artifactKey: Guid(9fc96944d5c287844a186628547a308e) Importer(815301076,1909f56bfc062723c751e8b465ee728b)
Start importing Assets/Sprites/UI-Icon_CWood.png using Guid(9fc96944d5c287844a186628547a308e) Importer(815301076,1909f56bfc062723c751e8b465ee728b)  -> (artifact id: '1ba106ecfb9c2f5a9db081fa975a5235') in 0.165905 seconds 
  Import took 0.169491 seconds .

========================================================================
Received Import Request.
  Time since last request: 0.000202 seconds.
  path: Assets/Sprites/UI-Icon_CPlastic.png
  artifactKey: Guid(07c24c8de62484749a8f1463e8a9ba11) Importer(815301076,1909f56bfc062723c751e8b465ee728b)
Start importing Assets/Sprites/UI-Icon_CPlastic.png using Guid(07c24c8de62484749a8f1463e8a9ba11) Importer(815301076,1909f56bfc062723c751e8b465ee728b)  -> (artifact id: '077475954f98c57428ebdbe83435ac52') in 0.011004 seconds 
  Import took 0.014514 seconds .

========================================================================
Received Import Request.
  Time since last request: 0.000220 seconds.
  path: Assets/Sprites/UI-Icon_CScrap.png
  artifactKey: Guid(57aed720aefe14e429d4627d386fc845) Importer(815301076,1909f56bfc062723c751e8b465ee728b)
Start importing Assets/Sprites/UI-Icon_CScrap.png using Guid(57aed720aefe14e429d4627d386fc845) Importer(815301076,1909f56bfc062723c751e8b465ee728b)  -> (artifact id: 'bd374080df3c708bcc8e67e1c0f02e03') in 0.009971 seconds 
  Import took 0.013725 seconds .

========================================================================
Received Import Request.
  Time since last request: 0.000234 seconds.
  path: Assets/Sprites/UI-Icon_PPlastic.png
  artifactKey: Guid(08680314f2ea4a04397e59e09682ac5e) Importer(815301076,1909f56bfc062723c751e8b465ee728b)
Start importing Assets/Sprites/UI-Icon_PPlastic.png using Guid(08680314f2ea4a04397e59e09682ac5e) Importer(815301076,1909f56bfc062723c751e8b465ee728b)  -> (artifact id: '29c8453ebe7d004712fc1ff1ff19763a') in 0.009995 seconds 
  Import took 0.013243 seconds .

AssetImportWorkerClient::OnTransportError - code=2 error=End of file
